0 info it worked if it ends with ok
1 verbose cli [ 'node',
1 verbose cli   '/Users/edwilliams/.nvm/versions/node/v0.12.11/bin/npm',
1 verbose cli   'version',
1 verbose cli   'patch' ]
2 info using npm@2.14.9
3 info using node@v0.12.11
4 info git [ 'status', '--porcelain' ]
5 verbose stack Error: Git working directory not clean.
5 verbose stack M readme.md
5 verbose stack     at /Users/edwilliams/.nvm/versions/node/v0.12.11/lib/node_modules/npm/lib/version.js:171:21
5 verbose stack     at ChildProcess.exithandler (child_process.js:745:7)
5 verbose stack     at ChildProcess.emit (events.js:110:17)
5 verbose stack     at maybeClose (child_process.js:1019:16)
5 verbose stack     at Socket.<anonymous> (child_process.js:1190:11)
5 verbose stack     at Socket.emit (events.js:107:17)
5 verbose stack     at Pipe.close (net.js:484:11)
6 verbose cwd /Users/edwilliams/Documents/localstorage-api
7 error Darwin 16.5.0
8 error argv "node" "/Users/edwilliams/.nvm/versions/node/v0.12.11/bin/npm" "version" "patch"
9 error node v0.12.11
10 error npm  v2.14.9
11 error Git working directory not clean.
11 error M readme.md
12 error If you need help, you may report this error at:
12 error     <https://github.com/npm/npm/issues>
13 verbose exit [ 1, true ]
